<?xml version="1.0" encoding="UTF-8"?>
<testng-results ignored="0" total="1" passed="1" failed="0" skipped="0">
  <reporter-output>
  </reporter-output>
  <suite started-at="2024-02-19T15:29:34 GMT-05:00" name="Default suite" finished-at="2024-02-19T15:29:43 GMT-05:00" duration-ms="8193">
    <groups>
    </groups>
    <test started-at="2024-02-19T15:29:34 GMT-05:00" name="Default test" finished-at="2024-02-19T15:29:43 GMT-05:00" duration-ms="8193">
      <class name="testing.ExceptionHandling">
        <test-method is-config="true" signature="setup()[pri:0, instance:testing.ExceptionHandling@2f08c4b]" started-at="2024-02-19T15:29:34 GMT-05:00" name="setup" description="This is the setup method." finished-at="2024-02-19T15:29:39 GMT-05:00" duration-ms="4379" status="PASS">
          <reporter-output>
          </reporter-output>
        </test-method> <!-- setup -->
        <test-method signature="test_search()[pri:0, instance:testing.ExceptionHandling@2f08c4b]" started-at="2024-02-19T15:29:39 GMT-05:00" name="test_search" finished-at="2024-02-19T15:29:42 GMT-05:00" duration-ms="3345" status="PASS">
          <reporter-output>
          </reporter-output>
        </test-method> <!-- test_search -->
        <test-method is-config="true" signature="tearDown()[pri:0, instance:testing.ExceptionHandling@2f08c4b]" started-at="2024-02-19T15:29:42 GMT-05:00" name="tearDown" description="This is the teardown method" finished-at="2024-02-19T15:29:43 GMT-05:00" duration-ms="369" status="PASS">
          <reporter-output>
          </reporter-output>
        </test-method> <!-- tearDown -->
      </class> <!-- testing.ExceptionHandling -->
    </test> <!-- Default test -->
  </suite> <!-- Default suite -->
</testng-results>
