<?xml version="1.0" encoding="UTF-8"?>
<!-- Generated by org.testng.reporters.JUnitXMLReporter -->
<testsuite ignored="1" hostname="SrikarReddy" failures="0" tests="2" name="Test" time="22.777" errors="0" timestamp="2024-02-18T17:35:21 GMT-05:00">
  <testcase classname="testing.TestNG_tests" name="GoogleSearchTest" time="13.74"/>
  <testcase classname="testing.TestNG_tests" name="SimpleTest" time="8.897"/>
  <testcase classname="testing.TestNG_tests" name="AccountRegistration" time="0.0">
    <ignored/>
  </testcase> <!-- AccountRegistration -->
</testsuite> <!-- Test -->
